<?xml version="1.0" encoding="UTF-8"?>
<!-- Generated by org.testng.reporters.JUnitReportReporter -->
<testsuite hostname="DESKTOP-TDOQQ07" failures="0" tests="24" name="RunneClass.RunnerTest" time="0.555" errors="0" timestamp="2022-08-05T16:56:40 IST" skipped="0">
  <testcase classname="RunneClass.RunnerTest" name="runScenario" time="0.015"/>
  <system-out/>
  <testcase classname="RunneClass.RunnerTest" name="runScenario" time="0.013"/>
  <system-out/>
  <testcase classname="RunneClass.RunnerTest" name="runScenario" time="0.009"/>
  <system-out/>
  <testcase classname="RunneClass.RunnerTest" name="runScenario" time="0.012"/>
  <system-out/>
  <testcase classname="RunneClass.RunnerTest" name="runScenario" time="0.009"/>
  <system-out/>
  <testcase classname="RunneClass.RunnerTest" name="runScenario" time="0.012"/>
  <system-out/>
  <testcase classname="RunneClass.RunnerTest" name="runScenario" time="0.011"/>
  <system-out/>
  <testcase classname="RunneClass.RunnerTest" name="runScenario" time="0.012"/>
  <system-out/>
  <testcase classname="RunneClass.RunnerTest" name="runScenario" time="0.008"/>
  <system-out/>
  <testcase classname="RunneClass.RunnerTest" name="runScenario" time="0.014"/>
  <system-out/>
  <testcase classname="RunneClass.RunnerTest" name="runScenario" time="0.027"/>
  <system-out/>
  <testcase classname="RunneClass.RunnerTest" name="runScenario" time="0.007"/>
  <system-out/>
  <testcase classname="RunneClass.RunnerTest" name="runScenario" time="0.018"/>
  <system-out/>
  <testcase classname="RunneClass.RunnerTest" name="runScenario" time="0.010"/>
  <system-out/>
  <testcase classname="RunneClass.RunnerTest" name="runScenario" time="0.022"/>
  <system-out/>
  <testcase classname="RunneClass.RunnerTest" name="runScenario" time="0.025"/>
  <system-out/>
  <testcase classname="RunneClass.RunnerTest" name="runScenario" time="0.022"/>
  <system-out/>
  <testcase classname="RunneClass.RunnerTest" name="runScenario" time="0.011"/>
  <system-out/>
  <testcase classname="RunneClass.RunnerTest" name="runScenario" time="0.008"/>
  <system-out/>
  <testcase classname="RunneClass.RunnerTest" name="runScenario" time="0.250"/>
  <system-out/>
  <testcase classname="RunneClass.RunnerTest" name="runScenario" time="0.010"/>
  <system-out/>
  <testcase classname="RunneClass.RunnerTest" name="runScenario" time="0.010"/>
  <system-out/>
  <testcase classname="RunneClass.RunnerTest" name="runScenario" time="0.010"/>
  <system-out/>
  <testcase classname="RunneClass.RunnerTest" name="runScenario" time="0.010"/>
  <system-out/>
</testsuite> <!-- RunneClass.RunnerTest -->
