<?xml version="1.0" encoding="UTF-8"?>
<!-- Generated by org.testng.reporters.JUnitReportReporter -->
<testsuite hostname="DESKTOP-TDOQQ07" failures="0" tests="1" name="com.dataprovider.DataGet" time="0.021" errors="0" timestamp="03 Aug 2022 09:20:09 GMT" skipped="0">
  <testcase classname="com.dataprovider.DataGet" name="testOne" time="0.021"/>
</testsuite> <!-- com.dataprovider.DataGet -->
