<?xml version="1.0" encoding="UTF-8"?>
<!-- Generated by org.testng.reporters.JUnitReportReporter -->
<testsuite hostname="DESKTOP-TDOQQ07" failures="0" tests="24" name="RunneClass.RunnerTest" time="15.418" errors="0" timestamp="05 Aug 2022 11:58:53 GMT" skipped="0">
  <testcase classname="RunneClass.RunnerTest" name="runScenario" time="0.051"/>
  <testcase classname="RunneClass.RunnerTest" name="runScenario" time="0.048"/>
  <testcase classname="RunneClass.RunnerTest" name="runScenario" time="0.210"/>
  <testcase classname="RunneClass.RunnerTest" name="runScenario" time="0.089"/>
  <testcase classname="RunneClass.RunnerTest" name="runScenario" time="0.053"/>
  <testcase classname="RunneClass.RunnerTest" name="runScenario" time="0.022"/>
  <testcase classname="RunneClass.RunnerTest" name="runScenario" time="0.065"/>
  <testcase classname="RunneClass.RunnerTest" name="runScenario" time="3.594"/>
  <testcase classname="RunneClass.RunnerTest" name="runScenario" time="0.014"/>
  <testcase classname="RunneClass.RunnerTest" name="runScenario" time="0.031"/>
  <testcase classname="RunneClass.RunnerTest" name="runScenario" time="8.532"/>
  <testcase classname="RunneClass.RunnerTest" name="runScenario" time="0.044"/>
  <testcase classname="RunneClass.RunnerTest" name="runScenario" time="0.086"/>
  <testcase classname="RunneClass.RunnerTest" name="runScenario" time="0.041"/>
  <testcase classname="RunneClass.RunnerTest" name="runScenario" time="0.063"/>
  <testcase classname="RunneClass.RunnerTest" name="runScenario" time="2.076"/>
  <testcase classname="RunneClass.RunnerTest" name="runScenario" time="0.051"/>
  <testcase classname="RunneClass.RunnerTest" name="runScenario" time="0.062"/>
  <testcase classname="RunneClass.RunnerTest" name="runScenario" time="0.009"/>
  <testcase classname="RunneClass.RunnerTest" name="runScenario" time="0.043"/>
  <testcase classname="RunneClass.RunnerTest" name="runScenario" time="0.104"/>
  <testcase classname="RunneClass.RunnerTest" name="runScenario" time="0.109"/>
  <testcase classname="RunneClass.RunnerTest" name="runScenario" time="0.010"/>
  <testcase classname="RunneClass.RunnerTest" name="runScenario" time="0.011"/>
</testsuite> <!-- RunneClass.RunnerTest -->
